10/18/10, 12:04:39, 4, 0, :No se encontró el archivo.
10/18/10, 12:04:39, 4, 0, :No se encontró el archivo.
10/18/10, 12:05:16, 4, 0, :No se encontró el archivo.
10/18/10, 12:05:21, 4, 0, :No se encontró el archivo.
10/18/10, 12:05:38, 4, 0, :No se encontró el archivo.
10/18/10, 12:05:46, 4, 0, :No se encontró el archivo.
10/18/10, 12:17:38, 4, 0, :No se encontró el archivo.
10/18/10, 12:17:38, 4, 0, :No se encontró el archivo.
10/18/10, 12:17:38, 4, 0, :No se encontró el archivo.
10/18/10, 12:17:42, 4, 0, :No se encontró el archivo.
10/18/10, 12:17:42, 4, 0, :No se encontró el archivo.
10/18/10, 12:17:42, 4, 0, :No se encontró el archivo.
10/18/10, 12:17:42, 4, 0, :No se encontró el archivo.
10/18/10, 12:17:42, 4, 0, :No se encontró el archivo.
10/18/10, 12:17:42, 4, 0, :No se encontró el archivo.
10/18/10, 12:17:42, 4, 0, :No se encontró el archivo.
10/18/10, 12:17:42, 4, 0, :No se encontró el archivo.
10/18/10, 12:17:43, 4, 0, :No se encontró el archivo.
10/18/10, 12:17:43, 4, 0, :No se encontró el archivo.
10/18/10, 12:17:43, 4, 0, :No se encontró el archivo.
10/18/10, 12:17:43, 4, 0, :No se encontró el archivo.
10/18/10, 12:17:43, 4, 0, :No se encontró el archivo.
10/18/10, 12:17:43, 4, 0, :No se encontró el archivo.
10/18/10, 12:17:59, 4, 0, :No se encontró el archivo.
10/18/10, 12:17:59, 4, 0, :No se encontró el archivo.
10/18/10, 12:19:50, 4, 0, :No se encontró el archivo.
10/18/10, 12:19:50, 4, 0, :No se encontró el archivo.
10/18/10, 13:19:52, 4, 0, :No se encontró el archivo.
10/18/10, 13:21:16, 4, 0, :No se encontró el archivo.
10/18/10, 13:21:26, 4, 0, :No se encontró el archivo.
10/19/10, 08:36:20, 4, 0, Z:\Informes\HistoriaClinicaIntegralN.rpt:Este nombre de campo es desconocido.
10/19/10, 08:36:33, 4, 0, Z:\Informes\HistoriaClinicaIntegralN.rpt:Este nombre de campo es desconocido.
10/19/10, 08:36:52, 4, 0, Z:\Informes\HistoriaClinicaIntegralN.rpt:Este nombre de campo es desconocido.
10/19/10, 09:09:51, 4, 0, Z:\Informes\HistoriaClinicaIntegralN.rpt:Este nombre de campo es desconocido.
10/21/10, 14:35:08, 4, 0, Z:\Informes\PresupuestoN.rpt:Este nombre de campo es desconocido.
10/21/10, 14:36:37, 4, 0, Z:\Informes\PresupuestoN.rpt:Aquí se espera un número, monto monetario, booleano, fecha, hora, fecha-hora o cadena.
10/22/10, 11:36:15, 4, 0, :No se encontró el archivo.
10/22/10, 11:36:15, 4, 0, :No se encontró el archivo.
10/25/10, 09:41:43, 4, 0, :Directorio no válido.
10/25/10, 09:41:43, 4, 0, :Directorio no válido.
10/25/10, 10:44:07, 4, 0, Z:\Informes\HistoriaClinicaIntegralN.rpt:Este nombre de campo es desconocido.
10/25/10, 10:44:09, 4, 0, Z:\Informes\HistoriaClinicaIntegralN.rpt:Este nombre de campo es desconocido.
10/25/10, 10:44:10, 4, 0, Z:\Informes\HistoriaClinicaIntegralN.rpt:Este nombre de campo es desconocido.
10/25/10, 10:44:10, 4, 0, Z:\Informes\HistoriaClinicaIntegralN.rpt:Este nombre de campo es desconocido.
10/25/10, 10:44:10, 4, 0, Z:\Informes\HistoriaClinicaIntegralN.rpt:Este nombre de campo es desconocido.
10/25/10, 10:44:10, 4, 0, Z:\Informes\HistoriaClinicaIntegralN.rpt:Este nombre de campo es desconocido.
10/25/10, 10:44:10, 4, 0, Z:\Informes\HistoriaClinicaIntegralN.rpt:Este nombre de campo es desconocido.
10/25/10, 10:44:11, 4, 0, Z:\Informes\HistoriaClinicaIntegralN.rpt:Este nombre de campo es desconocido.
10/25/10, 10:44:11, 4, 0, Z:\Informes\HistoriaClinicaIntegralN.rpt:Este nombre de campo es desconocido.
10/25/10, 10:44:11, 4, 0, Z:\Informes\HistoriaClinicaIntegralN.rpt:Este nombre de campo es desconocido.
10/25/10, 10:44:11, 4, 0, Z:\Informes\HistoriaClinicaIntegralN.rpt:Este nombre de campo es desconocido.
10/25/10, 10:44:11, 4, 0, Z:\Informes\HistoriaClinicaIntegralN.rpt:Este nombre de campo es desconocido.
10/25/10, 10:44:11, 4, 0, Z:\Informes\HistoriaClinicaIntegralN.rpt:Este nombre de campo es desconocido.
10/25/10, 10:44:11, 4, 0, Z:\Informes\HistoriaClinicaIntegralN.rpt:Este nombre de campo es desconocido.
10/25/10, 10:44:17, 4, 0, Z:\Informes\HistoriaClinicaIntegralN.rpt:Este nombre de campo es desconocido.
10/25/10, 10:44:29, 4, 0, Z:\Informes\HistoriaClinicaIntegralN.rpt:Este nombre de campo es desconocido.
10/25/10, 10:44:35, 4, 0, Z:\Informes\HistoriaClinicaIntegralN.rpt:Este nombre de campo es desconocido.
10/25/10, 10:50:01, 4, 0, Z:\Informes\HistoriaClinicaIntegralN.rpt:Este nombre de campo es desconocido.
