Línea 27: la clase ChamaleonButton.ChameleonBtn del control BtnVerInforme no era una clase de control cargada.
Línea 67: la clase ChamaleonButton.ChameleonBtn del control BtnVerHistoria no era una clase de control cargada.
Línea 107: la clase ChamaleonButton.ChameleonBtn del control BtnSiguiente2 no era una clase de control cargada.
Línea 148: la clase ChamaleonButton.ChameleonBtn del control BtnAnterior1 no era una clase de control cargada.
Línea 189: la clase ChamaleonButton.ChameleonBtn del control BtnEvolucionOncologica no era una clase de control cargada.
Línea 2717: la clase ChamaleonButton.ChameleonBtn del control BtnAgregarComplica no era una clase de control cargada.
Línea 2758: la clase ChamaleonButton.ChameleonBtn del control BtnGuardarComplica no era una clase de control cargada.
Línea 2812: la clase ChamaleonButton.ChameleonBtn del control BtnEliminarComplica no era una clase de control cargada.
Línea 2853: la clase ChamaleonButton.ChameleonBtn del control BtnCancelar no era una clase de control cargada.
Línea 2957: la clase ChamaleonButton.ChameleonBtn del control BtnCerrar no era una clase de control cargada.
Línea 2998: la clase ChamaleonButton.ChameleonBtn del control BtnGuardarActualizar no era una clase de control cargada.
Línea 3039: la clase ChamaleonButton.ChameleonBtn del control BtnAgregar no era una clase de control cargada.
Línea 3080: la clase ChamaleonButton.ChameleonBtn del control BtnDesHacer no era una clase de control cargada.
Línea 3121: la clase ChamaleonButton.ChameleonBtn del control BtnEliminar no era una clase de control cargada.
Línea 3162: la clase Crystal.CrystalReport del control CrystalReport1 no era una clase de control cargada.
Línea 3175: la clase Crystal.CrystalReport del control CrystalReport2 no era una clase de control cargada.
Línea 3219: la clase ChamaleonButton.ChameleonBtn del control BtnBuscar no era una clase de control cargada.
Línea 3323: la clase ChamaleonButton.ChameleonBtn del control BtnLlamar no era una clase de control cargada.
Línea 3364: la clase ChamaleonButton.ChameleonBtn del control BtnListaEspera no era una clase de control cargada.
Línea 3453: la clase ChamaleonButton.ChameleonBtn del control BtnSiguiente no era una clase de control cargada.
Línea 3494: la clase ChamaleonButton.ChameleonBtn del control BtnAnterior no era una clase de control cargada.
Línea 3535: la clase ChamaleonButton.ChameleonBtn del control BtnDesocuparAlPacienteAtend no era una clase de control cargada.
