Línea 72: la clase Crystal.CrystalReport del control CrystalReport1 no era una clase de control cargada.
Línea 130: la clase ChamaleonButton.ChameleonBtn del control BtnCerrar no era una clase de control cargada.
Línea 171: la clase ChamaleonButton.ChameleonBtn del control BtnImprimir no era una clase de control cargada.
Línea 75: el nombre de la propiedad _ExtentX de CrystalReport1 no es válido.
Línea 76: el nombre de la propiedad _ExtentY de CrystalReport1 no es válido.
Línea 77: el nombre de la propiedad _Version de CrystalReport1 no es válido.
Línea 78: el nombre de la propiedad WindowControlBox de CrystalReport1 no es válido.
Línea 79: el nombre de la propiedad WindowMaxButton de CrystalReport1 no es válido.
Línea 80: el nombre de la propiedad WindowMinButton de CrystalReport1 no es válido.
Línea 81: el nombre de la propiedad WindowState de CrystalReport1 no es válido.
Línea 82: el nombre de la propiedad PrintFileLinesPerPage de CrystalReport1 no es válido.
Línea 83: el nombre de la propiedad WindowShowCloseBtn de CrystalReport1 no es válido.
Línea 84: el nombre de la propiedad WindowShowPrintSetupBtn de CrystalReport1 no es válido.
Línea 85: el nombre de la propiedad WindowShowRefreshBtn de CrystalReport1 no es válido.
Línea 137: el nombre de la propiedad _ExtentX de BtnCerrar no es válido.
Línea 138: el nombre de la propiedad _ExtentY de BtnCerrar no es válido.
Línea 139: el nombre de la propiedad BTYPE de BtnCerrar no es válido.
Línea 140: el nombre de la propiedad TX de BtnCerrar no es válido.
Línea 141: el nombre de la propiedad ENAB de BtnCerrar no es válido.
Línea 151: el nombre de la propiedad COLTYPE de BtnCerrar no es válido.
Línea 152: el nombre de la propiedad FOCUSR de BtnCerrar no es válido.
Línea 153: el nombre de la propiedad BCOL de BtnCerrar no es válido.
Línea 154: el nombre de la propiedad BCOLO de BtnCerrar no es válido.
Línea 155: el nombre de la propiedad FCOL de BtnCerrar no es válido.
Línea 156: el nombre de la propiedad FCOLO de BtnCerrar no es válido.
Línea 157: el nombre de la propiedad MCOL de BtnCerrar no es válido.
Línea 158: el nombre de la propiedad MPTR de BtnCerrar no es válido.
Línea 159: el nombre de la propiedad MICON de BtnCerrar no es válido.
Línea 160: el nombre de la propiedad PICN de BtnCerrar no es válido.
Línea 161: el nombre de la propiedad PICH de BtnCerrar no es válido.
Línea 162: el nombre de la propiedad UMCOL de BtnCerrar no es válido.
Línea 163: el nombre de la propiedad SOFT de BtnCerrar no es válido.
Línea 164: el nombre de la propiedad PICPOS de BtnCerrar no es válido.
Línea 165: el nombre de la propiedad NGREY de BtnCerrar no es válido.
Línea 166: el nombre de la propiedad FX de BtnCerrar no es válido.
Línea 167: el nombre de la propiedad HAND de BtnCerrar no es válido.
Línea 168: el nombre de la propiedad CHECK de BtnCerrar no es válido.
Línea 169: el nombre de la propiedad VALUE de BtnCerrar no es válido.
Línea 178: el nombre de la propiedad _ExtentX de BtnImprimir no es válido.
Línea 179: el nombre de la propiedad _ExtentY de BtnImprimir no es válido.
Línea 180: el nombre de la propiedad BTYPE de BtnImprimir no es válido.
Línea 181: el nombre de la propiedad TX de BtnImprimir no es válido.
Línea 182: el nombre de la propiedad ENAB de BtnImprimir no es válido.
Línea 192: el nombre de la propiedad COLTYPE de BtnImprimir no es válido.
Línea 193: el nombre de la propiedad FOCUSR de BtnImprimir no es válido.
Línea 194: el nombre de la propiedad BCOL de BtnImprimir no es válido.
Línea 195: el nombre de la propiedad BCOLO de BtnImprimir no es válido.
Línea 196: el nombre de la propiedad FCOL de BtnImprimir no es válido.
Línea 197: el nombre de la propiedad FCOLO de BtnImprimir no es válido.
Línea 198: el nombre de la propiedad MCOL de BtnImprimir no es válido.
Línea 199: el nombre de la propiedad MPTR de BtnImprimir no es válido.
Línea 200: el nombre de la propiedad MICON de BtnImprimir no es válido.
Línea 201: el nombre de la propiedad PICN de BtnImprimir no es válido.
Línea 202: el nombre de la propiedad PICH de BtnImprimir no es válido.
Línea 203: el nombre de la propiedad UMCOL de BtnImprimir no es válido.
Línea 204: el nombre de la propiedad SOFT de BtnImprimir no es válido.
Línea 205: el nombre de la propiedad PICPOS de BtnImprimir no es válido.
Línea 206: el nombre de la propiedad NGREY de BtnImprimir no es válido.
Línea 207: el nombre de la propiedad FX de BtnImprimir no es válido.
Línea 208: el nombre de la propiedad HAND de BtnImprimir no es válido.
Línea 209: el nombre de la propiedad CHECK de BtnImprimir no es válido.
Línea 210: el nombre de la propiedad VALUE de BtnImprimir no es válido.
