Línea 93: la clase ChamaleonButton.ChameleonBtn del control BtnInformeFinal no era una clase de control cargada.
Línea 2452: la clase ChamaleonButton.ChameleonBtn del control BtnAgregarComplica no era una clase de control cargada.
Línea 2493: la clase ChamaleonButton.ChameleonBtn del control BtnGuardarComplica no era una clase de control cargada.
Línea 2547: la clase ChamaleonButton.ChameleonBtn del control BtnEliminarComplica no era una clase de control cargada.
Línea 2588: la clase ChamaleonButton.ChameleonBtn del control BtnCancelar no era una clase de control cargada.
Línea 4424: la clase ChamaleonButton.ChameleonBtn del control BtnVerInforme no era una clase de control cargada.
Línea 4464: la clase ChamaleonButton.ChameleonBtn del control BtnVerHistoria no era una clase de control cargada.
Línea 4504: la clase ChamaleonButton.ChameleonBtn del control BtnEvolucionOncologica no era una clase de control cargada.
Línea 4544: la clase ChamaleonButton.ChameleonBtn del control BtnAntecedentes no era una clase de control cargada.
Línea 4584: la clase ChamaleonButton.ChameleonBtn del control BtnExamenes no era una clase de control cargada.
Línea 4624: la clase ChamaleonButton.ChameleonBtn del control BtnSiguiente2 no era una clase de control cargada.
Línea 4665: la clase ChamaleonButton.ChameleonBtn del control BtnAnterior1 no era una clase de control cargada.
Línea 4706: la clase ChamaleonButton.ChameleonBtn del control BtnExamenIngreso no era una clase de control cargada.
Línea 4810: la clase ChamaleonButton.ChameleonBtn del control BtnCerrar no era una clase de control cargada.
Línea 4851: la clase ChamaleonButton.ChameleonBtn del control BtnGuardarActualizar no era una clase de control cargada.
Línea 4892: la clase ChamaleonButton.ChameleonBtn del control BtnAgregar no era una clase de control cargada.
Línea 4933: la clase ChamaleonButton.ChameleonBtn del control BtnDesHacer no era una clase de control cargada.
Línea 4974: la clase ChamaleonButton.ChameleonBtn del control BtnEliminar no era una clase de control cargada.
Línea 5015: la clase Crystal.CrystalReport del control CrystalReport1 no era una clase de control cargada.
Línea 5028: la clase Crystal.CrystalReport del control CrystalReport2 no era una clase de control cargada.
Línea 5072: la clase ChamaleonButton.ChameleonBtn del control BtnBuscar no era una clase de control cargada.
Línea 5176: la clase ChamaleonButton.ChameleonBtn del control BtnLlamar no era una clase de control cargada.
Línea 5217: la clase ChamaleonButton.ChameleonBtn del control BtnListaEspera no era una clase de control cargada.
Línea 5306: la clase ChamaleonButton.ChameleonBtn del control BtnSiguiente no era una clase de control cargada.
Línea 5347: la clase ChamaleonButton.ChameleonBtn del control BtnAnterior no era una clase de control cargada.
Línea 5388: la clase ChamaleonButton.ChameleonBtn del control BtnDesocuparAlPacienteAtend no era una clase de control cargada.
Línea 5429: la clase ChamaleonButton.ChameleonBtn del control BtnTipoCancer no era una clase de control cargada.
