Línea 33: la clase ChamaleonButton.ChameleonBtn del control BtnCerrar no era una clase de control cargada.
Línea 74: la clase ChamaleonButton.ChameleonBtn del control BtnGuardarActualizar no era una clase de control cargada.
Línea 115: la clase ChamaleonButton.ChameleonBtn del control BtnAgregar no era una clase de control cargada.
Línea 156: la clase ChamaleonButton.ChameleonBtn del control BtnDesHacer no era una clase de control cargada.
Línea 674: la clase ChamaleonButton.ChameleonBtn del control BtnAnterior2 no era una clase de control cargada.
Línea 715: la clase ChamaleonButton.ChameleonBtn del control BtnSiguiente2 no era una clase de control cargada.
Línea 40: el nombre de la propiedad _ExtentX de BtnCerrar no es válido.
Línea 41: el nombre de la propiedad _ExtentY de BtnCerrar no es válido.
Línea 42: el nombre de la propiedad BTYPE de BtnCerrar no es válido.
Línea 43: el nombre de la propiedad TX de BtnCerrar no es válido.
Línea 44: el nombre de la propiedad ENAB de BtnCerrar no es válido.
Línea 54: el nombre de la propiedad COLTYPE de BtnCerrar no es válido.
Línea 55: el nombre de la propiedad FOCUSR de BtnCerrar no es válido.
Línea 56: el nombre de la propiedad BCOL de BtnCerrar no es válido.
Línea 57: el nombre de la propiedad BCOLO de BtnCerrar no es válido.
Línea 58: el nombre de la propiedad FCOL de BtnCerrar no es válido.
Línea 59: el nombre de la propiedad FCOLO de BtnCerrar no es válido.
Línea 60: el nombre de la propiedad MCOL de BtnCerrar no es válido.
Línea 61: el nombre de la propiedad MPTR de BtnCerrar no es válido.
Línea 62: el nombre de la propiedad MICON de BtnCerrar no es válido.
Línea 63: el nombre de la propiedad PICN de BtnCerrar no es válido.
Línea 64: el nombre de la propiedad PICH de BtnCerrar no es válido.
Línea 65: el nombre de la propiedad UMCOL de BtnCerrar no es válido.
Línea 66: el nombre de la propiedad SOFT de BtnCerrar no es válido.
Línea 67: el nombre de la propiedad PICPOS de BtnCerrar no es válido.
Línea 68: el nombre de la propiedad NGREY de BtnCerrar no es válido.
Línea 69: el nombre de la propiedad FX de BtnCerrar no es válido.
Línea 70: el nombre de la propiedad HAND de BtnCerrar no es válido.
Línea 71: el nombre de la propiedad CHECK de BtnCerrar no es válido.
Línea 72: el nombre de la propiedad VALUE de BtnCerrar no es válido.
Línea 81: el nombre de la propiedad _ExtentX de BtnGuardarActualizar no es válido.
Línea 82: el nombre de la propiedad _ExtentY de BtnGuardarActualizar no es válido.
Línea 83: el nombre de la propiedad BTYPE de BtnGuardarActualizar no es válido.
Línea 84: el nombre de la propiedad TX de BtnGuardarActualizar no es válido.
Línea 85: el nombre de la propiedad ENAB de BtnGuardarActualizar no es válido.
Línea 95: el nombre de la propiedad COLTYPE de BtnGuardarActualizar no es válido.
Línea 96: el nombre de la propiedad FOCUSR de BtnGuardarActualizar no es válido.
Línea 97: el nombre de la propiedad BCOL de BtnGuardarActualizar no es válido.
Línea 98: el nombre de la propiedad BCOLO de BtnGuardarActualizar no es válido.
Línea 99: el nombre de la propiedad FCOL de BtnGuardarActualizar no es válido.
Línea 100: el nombre de la propiedad FCOLO de BtnGuardarActualizar no es válido.
Línea 101: el nombre de la propiedad MCOL de BtnGuardarActualizar no es válido.
Línea 102: el nombre de la propiedad MPTR de BtnGuardarActualizar no es válido.
Línea 103: el nombre de la propiedad MICON de BtnGuardarActualizar no es válido.
Línea 104: el nombre de la propiedad PICN de BtnGuardarActualizar no es válido.
Línea 105: el nombre de la propiedad PICH de BtnGuardarActualizar no es válido.
Línea 106: el nombre de la propiedad UMCOL de BtnGuardarActualizar no es válido.
Línea 107: el nombre de la propiedad SOFT de BtnGuardarActualizar no es válido.
Línea 108: el nombre de la propiedad PICPOS de BtnGuardarActualizar no es válido.
Línea 109: el nombre de la propiedad NGREY de BtnGuardarActualizar no es válido.
Línea 110: el nombre de la propiedad FX de BtnGuardarActualizar no es válido.
Línea 111: el nombre de la propiedad HAND de BtnGuardarActualizar no es válido.
Línea 112: el nombre de la propiedad CHECK de BtnGuardarActualizar no es válido.
Línea 113: el nombre de la propiedad VALUE de BtnGuardarActualizar no es válido.
Línea 122: el nombre de la propiedad _ExtentX de BtnAgregar no es válido.
Línea 123: el nombre de la propiedad _ExtentY de BtnAgregar no es válido.
Línea 124: el nombre de la propiedad BTYPE de BtnAgregar no es válido.
Línea 125: el nombre de la propiedad TX de BtnAgregar no es válido.
Línea 126: el nombre de la propiedad ENAB de BtnAgregar no es válido.
Línea 136: el nombre de la propiedad COLTYPE de BtnAgregar no es válido.
Línea 137: el nombre de la propiedad FOCUSR de BtnAgregar no es válido.
Línea 138: el nombre de la propiedad BCOL de BtnAgregar no es válido.
Línea 139: el nombre de la propiedad BCOLO de BtnAgregar no es válido.
Línea 140: el nombre de la propiedad FCOL de BtnAgregar no es válido.
Línea 141: el nombre de la propiedad FCOLO de BtnAgregar no es válido.
Línea 142: el nombre de la propiedad MCOL de BtnAgregar no es válido.
Línea 143: el nombre de la propiedad MPTR de BtnAgregar no es válido.
Línea 144: el nombre de la propiedad MICON de BtnAgregar no es válido.
Línea 145: el nombre de la propiedad PICN de BtnAgregar no es válido.
Línea 146: el nombre de la propiedad PICH de BtnAgregar no es válido.
Línea 147: el nombre de la propiedad UMCOL de BtnAgregar no es válido.
Línea 148: el nombre de la propiedad SOFT de BtnAgregar no es válido.
Línea 149: el nombre de la propiedad PICPOS de BtnAgregar no es válido.
Línea 150: el nombre de la propiedad NGREY de BtnAgregar no es válido.
Línea 151: el nombre de la propiedad FX de BtnAgregar no es válido.
Línea 152: el nombre de la propiedad HAND de BtnAgregar no es válido.
Línea 153: el nombre de la propiedad CHECK de BtnAgregar no es válido.
Línea 154: el nombre de la propiedad VALUE de BtnAgregar no es válido.
Línea 163: el nombre de la propiedad _ExtentX de BtnDesHacer no es válido.
Línea 164: el nombre de la propiedad _ExtentY de BtnDesHacer no es válido.
Línea 165: el nombre de la propiedad BTYPE de BtnDesHacer no es válido.
Línea 166: el nombre de la propiedad TX de BtnDesHacer no es válido.
Línea 167: el nombre de la propiedad ENAB de BtnDesHacer no es válido.
Línea 177: el nombre de la propiedad COLTYPE de BtnDesHacer no es válido.
Línea 178: el nombre de la propiedad FOCUSR de BtnDesHacer no es válido.
Línea 179: el nombre de la propiedad BCOL de BtnDesHacer no es válido.
Línea 180: el nombre de la propiedad BCOLO de BtnDesHacer no es válido.
Línea 181: el nombre de la propiedad FCOL de BtnDesHacer no es válido.
Línea 182: el nombre de la propiedad FCOLO de BtnDesHacer no es válido.
Línea 183: el nombre de la propiedad MCOL de BtnDesHacer no es válido.
Línea 184: el nombre de la propiedad MPTR de BtnDesHacer no es válido.
Línea 185: el nombre de la propiedad MICON de BtnDesHacer no es válido.
Línea 186: el nombre de la propiedad PICN de BtnDesHacer no es válido.
Línea 187: el nombre de la propiedad PICH de BtnDesHacer no es válido.
Línea 188: el nombre de la propiedad UMCOL de BtnDesHacer no es válido.
Línea 189: el nombre de la propiedad SOFT de BtnDesHacer no es válido.
Línea 190: el nombre de la propiedad PICPOS de BtnDesHacer no es válido.
Línea 191: el nombre de la propiedad NGREY de BtnDesHacer no es válido.
Línea 192: el nombre de la propiedad FX de BtnDesHacer no es válido.
Línea 193: el nombre de la propiedad HAND de BtnDesHacer no es válido.
Línea 194: el nombre de la propiedad CHECK de BtnDesHacer no es válido.
Línea 195: el nombre de la propiedad VALUE de BtnDesHacer no es válido.
Línea 681: el nombre de la propiedad _ExtentX de BtnAnterior2 no es válido.
Línea 682: el nombre de la propiedad _ExtentY de BtnAnterior2 no es válido.
Línea 683: el nombre de la propiedad BTYPE de BtnAnterior2 no es válido.
Línea 684: el nombre de la propiedad TX de BtnAnterior2 no es válido.
Línea 685: el nombre de la propiedad ENAB de BtnAnterior2 no es válido.
Línea 695: el nombre de la propiedad COLTYPE de BtnAnterior2 no es válido.
Línea 696: el nombre de la propiedad FOCUSR de BtnAnterior2 no es válido.
Línea 697: el nombre de la propiedad BCOL de BtnAnterior2 no es válido.
Línea 698: el nombre de la propiedad BCOLO de BtnAnterior2 no es válido.
Línea 699: el nombre de la propiedad FCOL de BtnAnterior2 no es válido.
Línea 700: el nombre de la propiedad FCOLO de BtnAnterior2 no es válido.
Línea 701: el nombre de la propiedad MCOL de BtnAnterior2 no es válido.
Línea 702: el nombre de la propiedad MPTR de BtnAnterior2 no es válido.
Línea 703: el nombre de la propiedad MICON de BtnAnterior2 no es válido.
Línea 704: el nombre de la propiedad PICN de BtnAnterior2 no es válido.
Línea 705: el nombre de la propiedad PICH de BtnAnterior2 no es válido.
Línea 706: el nombre de la propiedad UMCOL de BtnAnterior2 no es válido.
Línea 707: el nombre de la propiedad SOFT de BtnAnterior2 no es válido.
Línea 708: el nombre de la propiedad PICPOS de BtnAnterior2 no es válido.
Línea 709: el nombre de la propiedad NGREY de BtnAnterior2 no es válido.
Línea 710: el nombre de la propiedad FX de BtnAnterior2 no es válido.
Línea 711: el nombre de la propiedad HAND de BtnAnterior2 no es válido.
Línea 712: el nombre de la propiedad CHECK de BtnAnterior2 no es válido.
Línea 713: el nombre de la propiedad VALUE de BtnAnterior2 no es válido.
Línea 722: el nombre de la propiedad _ExtentX de BtnSiguiente2 no es válido.
Línea 723: el nombre de la propiedad _ExtentY de BtnSiguiente2 no es válido.
Línea 724: el nombre de la propiedad BTYPE de BtnSiguiente2 no es válido.
Línea 725: el nombre de la propiedad TX de BtnSiguiente2 no es válido.
Línea 726: el nombre de la propiedad ENAB de BtnSiguiente2 no es válido.
Línea 736: el nombre de la propiedad COLTYPE de BtnSiguiente2 no es válido.
Línea 737: el nombre de la propiedad FOCUSR de BtnSiguiente2 no es válido.
Línea 738: el nombre de la propiedad BCOL de BtnSiguiente2 no es válido.
Línea 739: el nombre de la propiedad BCOLO de BtnSiguiente2 no es válido.
Línea 740: el nombre de la propiedad FCOL de BtnSiguiente2 no es válido.
Línea 741: el nombre de la propiedad FCOLO de BtnSiguiente2 no es válido.
Línea 742: el nombre de la propiedad MCOL de BtnSiguiente2 no es válido.
Línea 743: el nombre de la propiedad MPTR de BtnSiguiente2 no es válido.
Línea 744: el nombre de la propiedad MICON de BtnSiguiente2 no es válido.
Línea 745: el nombre de la propiedad PICN de BtnSiguiente2 no es válido.
Línea 746: el nombre de la propiedad PICH de BtnSiguiente2 no es válido.
Línea 747: el nombre de la propiedad UMCOL de BtnSiguiente2 no es válido.
Línea 748: el nombre de la propiedad SOFT de BtnSiguiente2 no es válido.
Línea 749: el nombre de la propiedad PICPOS de BtnSiguiente2 no es válido.
Línea 750: el nombre de la propiedad NGREY de BtnSiguiente2 no es válido.
Línea 751: el nombre de la propiedad FX de BtnSiguiente2 no es válido.
Línea 752: el nombre de la propiedad HAND de BtnSiguiente2 no es válido.
Línea 753: el nombre de la propiedad CHECK de BtnSiguiente2 no es válido.
Línea 754: el nombre de la propiedad VALUE de BtnSiguiente2 no es válido.
