Línea 57: la clase ChamaleonButton.ChameleonBtn del control BtnBuscar no era una clase de control cargada.
Línea 97: la clase ChamaleonButton.ChameleonBtn del control BtnListadoPaciente no era una clase de control cargada.
Línea 151: la clase ChamaleonButton.ChameleonBtn del control BtnAnterior1 no era una clase de control cargada.
Línea 192: la clase ChamaleonButton.ChameleonBtn del control BtnSiguiente2 no era una clase de control cargada.
Línea 233: la clase ChamaleonButton.ChameleonBtn del control BtnImprimir no era una clase de control cargada.
Línea 274: la clase ChamaleonButton.ChameleonBtn del control BtnCerrar no era una clase de control cargada.
Línea 316: la clase Crystal.CrystalReport del control CrystalReport1 no era una clase de control cargada.
Línea 440: la clase ChamaleonButton.ChameleonBtn del control BtnAnterior no era una clase de control cargada.
Línea 481: la clase ChamaleonButton.ChameleonBtn del control BtnSiguiente no era una clase de control cargada.
Línea 64: el nombre de la propiedad _ExtentX de BtnBuscar no es válido.
Línea 65: el nombre de la propiedad _ExtentY de BtnBuscar no es válido.
Línea 66: el nombre de la propiedad BTYPE de BtnBuscar no es válido.
Línea 67: el nombre de la propiedad TX de BtnBuscar no es válido.
Línea 68: el nombre de la propiedad ENAB de BtnBuscar no es válido.
Línea 78: el nombre de la propiedad COLTYPE de BtnBuscar no es válido.
Línea 79: el nombre de la propiedad FOCUSR de BtnBuscar no es válido.
Línea 80: el nombre de la propiedad BCOL de BtnBuscar no es válido.
Línea 81: el nombre de la propiedad BCOLO de BtnBuscar no es válido.
Línea 82: el nombre de la propiedad FCOL de BtnBuscar no es válido.
Línea 83: el nombre de la propiedad FCOLO de BtnBuscar no es válido.
Línea 84: el nombre de la propiedad MCOL de BtnBuscar no es válido.
Línea 85: el nombre de la propiedad MPTR de BtnBuscar no es válido.
Línea 86: el nombre de la propiedad MICON de BtnBuscar no es válido.
Línea 87: el nombre de la propiedad PICN de BtnBuscar no es válido.
Línea 88: el nombre de la propiedad UMCOL de BtnBuscar no es válido.
Línea 89: el nombre de la propiedad SOFT de BtnBuscar no es válido.
Línea 90: el nombre de la propiedad PICPOS de BtnBuscar no es válido.
Línea 91: el nombre de la propiedad NGREY de BtnBuscar no es válido.
Línea 92: el nombre de la propiedad FX de BtnBuscar no es válido.
Línea 93: el nombre de la propiedad HAND de BtnBuscar no es válido.
Línea 94: el nombre de la propiedad CHECK de BtnBuscar no es válido.
Línea 95: el nombre de la propiedad VALUE de BtnBuscar no es válido.
Línea 104: el nombre de la propiedad _ExtentX de BtnListadoPaciente no es válido.
Línea 105: el nombre de la propiedad _ExtentY de BtnListadoPaciente no es válido.
Línea 106: el nombre de la propiedad BTYPE de BtnListadoPaciente no es válido.
Línea 107: el nombre de la propiedad TX de BtnListadoPaciente no es válido.
Línea 108: el nombre de la propiedad ENAB de BtnListadoPaciente no es válido.
Línea 118: el nombre de la propiedad COLTYPE de BtnListadoPaciente no es válido.
Línea 119: el nombre de la propiedad FOCUSR de BtnListadoPaciente no es válido.
Línea 120: el nombre de la propiedad BCOL de BtnListadoPaciente no es válido.
Línea 121: el nombre de la propiedad BCOLO de BtnListadoPaciente no es válido.
Línea 122: el nombre de la propiedad FCOL de BtnListadoPaciente no es válido.
Línea 123: el nombre de la propiedad FCOLO de BtnListadoPaciente no es válido.
Línea 124: el nombre de la propiedad MCOL de BtnListadoPaciente no es válido.
Línea 125: el nombre de la propiedad MPTR de BtnListadoPaciente no es válido.
Línea 126: el nombre de la propiedad MICON de BtnListadoPaciente no es válido.
Línea 127: el nombre de la propiedad PICN de BtnListadoPaciente no es válido.
Línea 128: el nombre de la propiedad PICH de BtnListadoPaciente no es válido.
Línea 129: el nombre de la propiedad UMCOL de BtnListadoPaciente no es válido.
Línea 130: el nombre de la propiedad SOFT de BtnListadoPaciente no es válido.
Línea 131: el nombre de la propiedad PICPOS de BtnListadoPaciente no es válido.
Línea 132: el nombre de la propiedad NGREY de BtnListadoPaciente no es válido.
Línea 133: el nombre de la propiedad FX de BtnListadoPaciente no es válido.
Línea 134: el nombre de la propiedad HAND de BtnListadoPaciente no es válido.
Línea 135: el nombre de la propiedad CHECK de BtnListadoPaciente no es válido.
Línea 136: el nombre de la propiedad VALUE de BtnListadoPaciente no es válido.
Línea 158: el nombre de la propiedad _ExtentX de BtnAnterior1 no es válido.
Línea 159: el nombre de la propiedad _ExtentY de BtnAnterior1 no es válido.
Línea 160: el nombre de la propiedad BTYPE de BtnAnterior1 no es válido.
Línea 161: el nombre de la propiedad TX de BtnAnterior1 no es válido.
Línea 162: el nombre de la propiedad ENAB de BtnAnterior1 no es válido.
Línea 172: el nombre de la propiedad COLTYPE de BtnAnterior1 no es válido.
Línea 173: el nombre de la propiedad FOCUSR de BtnAnterior1 no es válido.
Línea 174: el nombre de la propiedad BCOL de BtnAnterior1 no es válido.
Línea 175: el nombre de la propiedad BCOLO de BtnAnterior1 no es válido.
Línea 176: el nombre de la propiedad FCOL de BtnAnterior1 no es válido.
Línea 177: el nombre de la propiedad FCOLO de BtnAnterior1 no es válido.
Línea 178: el nombre de la propiedad MCOL de BtnAnterior1 no es válido.
Línea 179: el nombre de la propiedad MPTR de BtnAnterior1 no es válido.
Línea 180: el nombre de la propiedad MICON de BtnAnterior1 no es válido.
Línea 181: el nombre de la propiedad PICN de BtnAnterior1 no es válido.
Línea 182: el nombre de la propiedad PICH de BtnAnterior1 no es válido.
Línea 183: el nombre de la propiedad UMCOL de BtnAnterior1 no es válido.
Línea 184: el nombre de la propiedad SOFT de BtnAnterior1 no es válido.
Línea 185: el nombre de la propiedad PICPOS de BtnAnterior1 no es válido.
Línea 186: el nombre de la propiedad NGREY de BtnAnterior1 no es válido.
Línea 187: el nombre de la propiedad FX de BtnAnterior1 no es válido.
Línea 188: el nombre de la propiedad HAND de BtnAnterior1 no es válido.
Línea 189: el nombre de la propiedad CHECK de BtnAnterior1 no es válido.
Línea 190: el nombre de la propiedad VALUE de BtnAnterior1 no es válido.
Línea 199: el nombre de la propiedad _ExtentX de BtnSiguiente2 no es válido.
Línea 200: el nombre de la propiedad _ExtentY de BtnSiguiente2 no es válido.
Línea 201: el nombre de la propiedad BTYPE de BtnSiguiente2 no es válido.
Línea 202: el nombre de la propiedad TX de BtnSiguiente2 no es válido.
Línea 203: el nombre de la propiedad ENAB de BtnSiguiente2 no es válido.
Línea 213: el nombre de la propiedad COLTYPE de BtnSiguiente2 no es válido.
Línea 214: el nombre de la propiedad FOCUSR de BtnSiguiente2 no es válido.
Línea 215: el nombre de la propiedad BCOL de BtnSiguiente2 no es válido.
Línea 216: el nombre de la propiedad BCOLO de BtnSiguiente2 no es válido.
Línea 217: el nombre de la propiedad FCOL de BtnSiguiente2 no es válido.
Línea 218: el nombre de la propiedad FCOLO de BtnSiguiente2 no es válido.
Línea 219: el nombre de la propiedad MCOL de BtnSiguiente2 no es válido.
Línea 220: el nombre de la propiedad MPTR de BtnSiguiente2 no es válido.
Línea 221: el nombre de la propiedad MICON de BtnSiguiente2 no es válido.
Línea 222: el nombre de la propiedad PICN de BtnSiguiente2 no es válido.
Línea 223: el nombre de la propiedad PICH de BtnSiguiente2 no es válido.
Línea 224: el nombre de la propiedad UMCOL de BtnSiguiente2 no es válido.
Línea 225: el nombre de la propiedad SOFT de BtnSiguiente2 no es válido.
Línea 226: el nombre de la propiedad PICPOS de BtnSiguiente2 no es válido.
Línea 227: el nombre de la propiedad NGREY de BtnSiguiente2 no es válido.
Línea 228: el nombre de la propiedad FX de BtnSiguiente2 no es válido.
Línea 229: el nombre de la propiedad HAND de BtnSiguiente2 no es válido.
Línea 230: el nombre de la propiedad CHECK de BtnSiguiente2 no es válido.
Línea 231: el nombre de la propiedad VALUE de BtnSiguiente2 no es válido.
Línea 240: el nombre de la propiedad _ExtentX de BtnImprimir no es válido.
Línea 241: el nombre de la propiedad _ExtentY de BtnImprimir no es válido.
Línea 242: el nombre de la propiedad BTYPE de BtnImprimir no es válido.
Línea 243: el nombre de la propiedad TX de BtnImprimir no es válido.
Línea 244: el nombre de la propiedad ENAB de BtnImprimir no es válido.
Línea 254: el nombre de la propiedad COLTYPE de BtnImprimir no es válido.
Línea 255: el nombre de la propiedad FOCUSR de BtnImprimir no es válido.
Línea 256: el nombre de la propiedad BCOL de BtnImprimir no es válido.
Línea 257: el nombre de la propiedad BCOLO de BtnImprimir no es válido.
Línea 258: el nombre de la propiedad FCOL de BtnImprimir no es válido.
Línea 259: el nombre de la propiedad FCOLO de BtnImprimir no es válido.
Línea 260: el nombre de la propiedad MCOL de BtnImprimir no es válido.
Línea 261: el nombre de la propiedad MPTR de BtnImprimir no es válido.
Línea 262: el nombre de la propiedad MICON de BtnImprimir no es válido.
Línea 263: el nombre de la propiedad PICN de BtnImprimir no es válido.
Línea 264: el nombre de la propiedad PICH de BtnImprimir no es válido.
Línea 265: el nombre de la propiedad UMCOL de BtnImprimir no es válido.
Línea 266: el nombre de la propiedad SOFT de BtnImprimir no es válido.
Línea 267: el nombre de la propiedad PICPOS de BtnImprimir no es válido.
Línea 268: el nombre de la propiedad NGREY de BtnImprimir no es válido.
Línea 269: el nombre de la propiedad FX de BtnImprimir no es válido.
Línea 270: el nombre de la propiedad HAND de BtnImprimir no es válido.
Línea 271: el nombre de la propiedad CHECK de BtnImprimir no es válido.
Línea 272: el nombre de la propiedad VALUE de BtnImprimir no es válido.
Línea 281: el nombre de la propiedad _ExtentX de BtnCerrar no es válido.
Línea 282: el nombre de la propiedad _ExtentY de BtnCerrar no es válido.
Línea 283: el nombre de la propiedad BTYPE de BtnCerrar no es válido.
Línea 284: el nombre de la propiedad TX de BtnCerrar no es válido.
Línea 285: el nombre de la propiedad ENAB de BtnCerrar no es válido.
Línea 295: el nombre de la propiedad COLTYPE de BtnCerrar no es válido.
Línea 296: el nombre de la propiedad FOCUSR de BtnCerrar no es válido.
Línea 297: el nombre de la propiedad BCOL de BtnCerrar no es válido.
Línea 298: el nombre de la propiedad BCOLO de BtnCerrar no es válido.
Línea 299: el nombre de la propiedad FCOL de BtnCerrar no es válido.
Línea 300: el nombre de la propiedad FCOLO de BtnCerrar no es válido.
Línea 301: el nombre de la propiedad MCOL de BtnCerrar no es válido.
Línea 302: el nombre de la propiedad MPTR de BtnCerrar no es válido.
Línea 303: el nombre de la propiedad MICON de BtnCerrar no es válido.
Línea 304: el nombre de la propiedad PICN de BtnCerrar no es válido.
Línea 305: el nombre de la propiedad PICH de BtnCerrar no es válido.
Línea 306: el nombre de la propiedad UMCOL de BtnCerrar no es válido.
Línea 307: el nombre de la propiedad SOFT de BtnCerrar no es válido.
Línea 308: el nombre de la propiedad PICPOS de BtnCerrar no es válido.
Línea 309: el nombre de la propiedad NGREY de BtnCerrar no es válido.
Línea 310: el nombre de la propiedad FX de BtnCerrar no es válido.
Línea 311: el nombre de la propiedad HAND de BtnCerrar no es válido.
Línea 312: el nombre de la propiedad CHECK de BtnCerrar no es válido.
Línea 313: el nombre de la propiedad VALUE de BtnCerrar no es válido.
Línea 319: el nombre de la propiedad _ExtentX de CrystalReport1 no es válido.
Línea 320: el nombre de la propiedad _ExtentY de CrystalReport1 no es válido.
Línea 321: el nombre de la propiedad _Version de CrystalReport1 no es válido.
Línea 322: el nombre de la propiedad WindowTitle de CrystalReport1 no es válido.
Línea 323: el nombre de la propiedad WindowControlBox de CrystalReport1 no es válido.
Línea 324: el nombre de la propiedad WindowMaxButton de CrystalReport1 no es válido.
Línea 325: el nombre de la propiedad WindowMinButton de CrystalReport1 no es válido.
Línea 326: el nombre de la propiedad WindowState de CrystalReport1 no es válido.
Línea 327: el nombre de la propiedad PrintFileLinesPerPage de CrystalReport1 no es válido.
Línea 328: el nombre de la propiedad WindowShowCloseBtn de CrystalReport1 no es válido.
Línea 329: el nombre de la propiedad WindowShowSearchBtn de CrystalReport1 no es válido.
Línea 330: el nombre de la propiedad WindowShowPrintSetupBtn de CrystalReport1 no es válido.
Línea 331: el nombre de la propiedad WindowShowRefreshBtn de CrystalReport1 no es válido.
Línea 447: el nombre de la propiedad _ExtentX de BtnAnterior no es válido.
Línea 448: el nombre de la propiedad _ExtentY de BtnAnterior no es válido.
Línea 449: el nombre de la propiedad BTYPE de BtnAnterior no es válido.
Línea 450: el nombre de la propiedad TX de BtnAnterior no es válido.
Línea 451: el nombre de la propiedad ENAB de BtnAnterior no es válido.
Línea 461: el nombre de la propiedad COLTYPE de BtnAnterior no es válido.
Línea 462: el nombre de la propiedad FOCUSR de BtnAnterior no es válido.
Línea 463: el nombre de la propiedad BCOL de BtnAnterior no es válido.
Línea 464: el nombre de la propiedad BCOLO de BtnAnterior no es válido.
Línea 465: el nombre de la propiedad FCOL de BtnAnterior no es válido.
Línea 466: el nombre de la propiedad FCOLO de BtnAnterior no es válido.
Línea 467: el nombre de la propiedad MCOL de BtnAnterior no es válido.
Línea 468: el nombre de la propiedad MPTR de BtnAnterior no es válido.
Línea 469: el nombre de la propiedad MICON de BtnAnterior no es válido.
Línea 470: el nombre de la propiedad PICN de BtnAnterior no es válido.
Línea 471: el nombre de la propiedad PICH de BtnAnterior no es válido.
Línea 472: el nombre de la propiedad UMCOL de BtnAnterior no es válido.
Línea 473: el nombre de la propiedad SOFT de BtnAnterior no es válido.
Línea 474: el nombre de la propiedad PICPOS de BtnAnterior no es válido.
Línea 475: el nombre de la propiedad NGREY de BtnAnterior no es válido.
Línea 476: el nombre de la propiedad FX de BtnAnterior no es válido.
Línea 477: el nombre de la propiedad HAND de BtnAnterior no es válido.
Línea 478: el nombre de la propiedad CHECK de BtnAnterior no es válido.
Línea 479: el nombre de la propiedad VALUE de BtnAnterior no es válido.
Línea 488: el nombre de la propiedad _ExtentX de BtnSiguiente no es válido.
Línea 489: el nombre de la propiedad _ExtentY de BtnSiguiente no es válido.
Línea 490: el nombre de la propiedad BTYPE de BtnSiguiente no es válido.
Línea 491: el nombre de la propiedad TX de BtnSiguiente no es válido.
Línea 492: el nombre de la propiedad ENAB de BtnSiguiente no es válido.
Línea 502: el nombre de la propiedad COLTYPE de BtnSiguiente no es válido.
Línea 503: el nombre de la propiedad FOCUSR de BtnSiguiente no es válido.
Línea 504: el nombre de la propiedad BCOL de BtnSiguiente no es válido.
Línea 505: el nombre de la propiedad BCOLO de BtnSiguiente no es válido.
Línea 506: el nombre de la propiedad FCOL de BtnSiguiente no es válido.
Línea 507: el nombre de la propiedad FCOLO de BtnSiguiente no es válido.
Línea 508: el nombre de la propiedad MCOL de BtnSiguiente no es válido.
Línea 509: el nombre de la propiedad MPTR de BtnSiguiente no es válido.
Línea 510: el nombre de la propiedad MICON de BtnSiguiente no es válido.
Línea 511: el nombre de la propiedad PICN de BtnSiguiente no es válido.
Línea 512: el nombre de la propiedad PICH de BtnSiguiente no es válido.
Línea 513: el nombre de la propiedad UMCOL de BtnSiguiente no es válido.
Línea 514: el nombre de la propiedad SOFT de BtnSiguiente no es válido.
Línea 515: el nombre de la propiedad PICPOS de BtnSiguiente no es válido.
Línea 516: el nombre de la propiedad NGREY de BtnSiguiente no es válido.
Línea 517: el nombre de la propiedad FX de BtnSiguiente no es válido.
Línea 518: el nombre de la propiedad HAND de BtnSiguiente no es válido.
Línea 519: el nombre de la propiedad CHECK de BtnSiguiente no es válido.
Línea 520: el nombre de la propiedad VALUE de BtnSiguiente no es válido.
