Línea 35: la clase ChamaleonButton.ChameleonBtn del control BtnImprimir no era una clase de control cargada.
Línea 76: la clase ChamaleonButton.ChameleonBtn del control BtnCerrar no era una clase de control cargada.
Línea 117: la clase ChamaleonButton.ChameleonBtn del control BtnDesHacer no era una clase de control cargada.
Línea 158: la clase ChamaleonButton.ChameleonBtn del control BtnAgregar no era una clase de control cargada.
Línea 200: la clase ChamaleonButton.ChameleonBtn del control BtnGuardarActualizar no era una clase de control cargada.
Línea 241: la clase ChamaleonButton.ChameleonBtn del control BtnEliminar no era una clase de control cargada.
Línea 302: la clase ChamaleonButton.ChameleonBtn del control BtnBuscar no era una clase de control cargada.
Línea 366: la clase ChamaleonButton.ChameleonBtn del control BtnBuscarDiagnostico no era una clase de control cargada.
Línea 500: la clase MSComCtl2.DTPicker del control DTPicker1 no era una clase de control cargada.
Línea 512: la clase Crystal.CrystalReport del control CrystalReport1 no era una clase de control cargada.
Línea 527: la clase MSComDlg.CommonDialog del control CommonDialog1 no era una clase de control cargada.
Línea 534: la clase ChamaleonButton.ChameleonBtn del control BtnSiguiente1 no era una clase de control cargada.
Línea 575: la clase ChamaleonButton.ChameleonBtn del control BtnAnterior1 no era una clase de control cargada.
Línea 772: la clase ChamaleonButton.ChameleonBtn del control BtnSiguiente no era una clase de control cargada.
Línea 813: la clase ChamaleonButton.ChameleonBtn del control BtnAnterior no era una clase de control cargada.
Línea 887: la clase ChamaleonButton.ChameleonBtn del control BtnAgregarClientes no era una clase de control cargada.
Línea 953: la clase ChamaleonButton.ChameleonBtn del control BtnBuscarClientes no era una clase de control cargada.
Línea 1003: la clase ChamaleonButton.ChameleonBtn del control BtnListadoProductos no era una clase de control cargada.
Línea 42: el nombre de la propiedad _ExtentX de BtnImprimir no es válido.
Línea 43: el nombre de la propiedad _ExtentY de BtnImprimir no es válido.
Línea 44: el nombre de la propiedad BTYPE de BtnImprimir no es válido.
Línea 45: el nombre de la propiedad TX de BtnImprimir no es válido.
Línea 46: el nombre de la propiedad ENAB de BtnImprimir no es válido.
Línea 56: el nombre de la propiedad COLTYPE de BtnImprimir no es válido.
Línea 57: el nombre de la propiedad FOCUSR de BtnImprimir no es válido.
Línea 58: el nombre de la propiedad BCOL de BtnImprimir no es válido.
Línea 59: el nombre de la propiedad BCOLO de BtnImprimir no es válido.
Línea 60: el nombre de la propiedad FCOL de BtnImprimir no es válido.
Línea 61: el nombre de la propiedad FCOLO de BtnImprimir no es válido.
Línea 62: el nombre de la propiedad MCOL de BtnImprimir no es válido.
Línea 63: el nombre de la propiedad MPTR de BtnImprimir no es válido.
Línea 64: el nombre de la propiedad MICON de BtnImprimir no es válido.
Línea 65: el nombre de la propiedad PICN de BtnImprimir no es válido.
Línea 66: el nombre de la propiedad PICH de BtnImprimir no es válido.
Línea 67: el nombre de la propiedad UMCOL de BtnImprimir no es válido.
Línea 68: el nombre de la propiedad SOFT de BtnImprimir no es válido.
Línea 69: el nombre de la propiedad PICPOS de BtnImprimir no es válido.
Línea 70: el nombre de la propiedad NGREY de BtnImprimir no es válido.
Línea 71: el nombre de la propiedad FX de BtnImprimir no es válido.
Línea 72: el nombre de la propiedad HAND de BtnImprimir no es válido.
Línea 73: el nombre de la propiedad CHECK de BtnImprimir no es válido.
Línea 74: el nombre de la propiedad VALUE de BtnImprimir no es válido.
Línea 83: el nombre de la propiedad _ExtentX de BtnCerrar no es válido.
Línea 84: el nombre de la propiedad _ExtentY de BtnCerrar no es válido.
Línea 85: el nombre de la propiedad BTYPE de BtnCerrar no es válido.
Línea 86: el nombre de la propiedad TX de BtnCerrar no es válido.
Línea 87: el nombre de la propiedad ENAB de BtnCerrar no es válido.
Línea 97: el nombre de la propiedad COLTYPE de BtnCerrar no es válido.
Línea 98: el nombre de la propiedad FOCUSR de BtnCerrar no es válido.
Línea 99: el nombre de la propiedad BCOL de BtnCerrar no es válido.
Línea 100: el nombre de la propiedad BCOLO de BtnCerrar no es válido.
Línea 101: el nombre de la propiedad FCOL de BtnCerrar no es válido.
Línea 102: el nombre de la propiedad FCOLO de BtnCerrar no es válido.
Línea 103: el nombre de la propiedad MCOL de BtnCerrar no es válido.
Línea 104: el nombre de la propiedad MPTR de BtnCerrar no es válido.
Línea 105: el nombre de la propiedad MICON de BtnCerrar no es válido.
Línea 106: el nombre de la propiedad PICN de BtnCerrar no es válido.
Línea 107: el nombre de la propiedad PICH de BtnCerrar no es válido.
Línea 108: el nombre de la propiedad UMCOL de BtnCerrar no es válido.
Línea 109: el nombre de la propiedad SOFT de BtnCerrar no es válido.
Línea 110: el nombre de la propiedad PICPOS de BtnCerrar no es válido.
Línea 111: el nombre de la propiedad NGREY de BtnCerrar no es válido.
Línea 112: el nombre de la propiedad FX de BtnCerrar no es válido.
Línea 113: el nombre de la propiedad HAND de BtnCerrar no es válido.
Línea 114: el nombre de la propiedad CHECK de BtnCerrar no es válido.
Línea 115: el nombre de la propiedad VALUE de BtnCerrar no es válido.
Línea 124: el nombre de la propiedad _ExtentX de BtnDesHacer no es válido.
Línea 125: el nombre de la propiedad _ExtentY de BtnDesHacer no es válido.
Línea 126: el nombre de la propiedad BTYPE de BtnDesHacer no es válido.
Línea 127: el nombre de la propiedad TX de BtnDesHacer no es válido.
Línea 128: el nombre de la propiedad ENAB de BtnDesHacer no es válido.
Línea 138: el nombre de la propiedad COLTYPE de BtnDesHacer no es válido.
Línea 139: el nombre de la propiedad FOCUSR de BtnDesHacer no es válido.
Línea 140: el nombre de la propiedad BCOL de BtnDesHacer no es válido.
Línea 141: el nombre de la propiedad BCOLO de BtnDesHacer no es válido.
Línea 142: el nombre de la propiedad FCOL de BtnDesHacer no es válido.
Línea 143: el nombre de la propiedad FCOLO de BtnDesHacer no es válido.
Línea 144: el nombre de la propiedad MCOL de BtnDesHacer no es válido.
Línea 145: el nombre de la propiedad MPTR de BtnDesHacer no es válido.
Línea 146: el nombre de la propiedad MICON de BtnDesHacer no es válido.
Línea 147: el nombre de la propiedad PICN de BtnDesHacer no es válido.
Línea 148: el nombre de la propiedad PICH de BtnDesHacer no es válido.
Línea 149: el nombre de la propiedad UMCOL de BtnDesHacer no es válido.
Línea 150: el nombre de la propiedad SOFT de BtnDesHacer no es válido.
Línea 151: el nombre de la propiedad PICPOS de BtnDesHacer no es válido.
Línea 152: el nombre de la propiedad NGREY de BtnDesHacer no es válido.
Línea 153: el nombre de la propiedad FX de BtnDesHacer no es válido.
Línea 154: el nombre de la propiedad HAND de BtnDesHacer no es válido.
Línea 155: el nombre de la propiedad CHECK de BtnDesHacer no es válido.
Línea 156: el nombre de la propiedad VALUE de BtnDesHacer no es válido.
Línea 166: el nombre de la propiedad _ExtentX de BtnAgregar no es válido.
Línea 167: el nombre de la propiedad _ExtentY de BtnAgregar no es válido.
Línea 168: el nombre de la propiedad BTYPE de BtnAgregar no es válido.
Línea 169: el nombre de la propiedad TX de BtnAgregar no es válido.
Línea 170: el nombre de la propiedad ENAB de BtnAgregar no es válido.
Línea 180: el nombre de la propiedad COLTYPE de BtnAgregar no es válido.
Línea 181: el nombre de la propiedad FOCUSR de BtnAgregar no es válido.
Línea 182: el nombre de la propiedad BCOL de BtnAgregar no es válido.
Línea 183: el nombre de la propiedad BCOLO de BtnAgregar no es válido.
Línea 184: el nombre de la propiedad FCOL de BtnAgregar no es válido.
Línea 185: el nombre de la propiedad FCOLO de BtnAgregar no es válido.
Línea 186: el nombre de la propiedad MCOL de BtnAgregar no es válido.
Línea 187: el nombre de la propiedad MPTR de BtnAgregar no es válido.
Línea 188: el nombre de la propiedad MICON de BtnAgregar no es válido.
Línea 189: el nombre de la propiedad PICN de BtnAgregar no es válido.
Línea 190: el nombre de la propiedad PICH de BtnAgregar no es válido.
Línea 191: el nombre de la propiedad UMCOL de BtnAgregar no es válido.
Línea 192: el nombre de la propiedad SOFT de BtnAgregar no es válido.
Línea 193: el nombre de la propiedad PICPOS de BtnAgregar no es válido.
Línea 194: el nombre de la propiedad NGREY de BtnAgregar no es válido.
Línea 195: el nombre de la propiedad FX de BtnAgregar no es válido.
Línea 196: el nombre de la propiedad HAND de BtnAgregar no es válido.
Línea 197: el nombre de la propiedad CHECK de BtnAgregar no es válido.
Línea 198: el nombre de la propiedad VALUE de BtnAgregar no es válido.
Línea 207: el nombre de la propiedad _ExtentX de BtnGuardarActualizar no es válido.
Línea 208: el nombre de la propiedad _ExtentY de BtnGuardarActualizar no es válido.
Línea 209: el nombre de la propiedad BTYPE de BtnGuardarActualizar no es válido.
Línea 210: el nombre de la propiedad TX de BtnGuardarActualizar no es válido.
Línea 211: el nombre de la propiedad ENAB de BtnGuardarActualizar no es válido.
Línea 221: el nombre de la propiedad COLTYPE de BtnGuardarActualizar no es válido.
Línea 222: el nombre de la propiedad FOCUSR de BtnGuardarActualizar no es válido.
Línea 223: el nombre de la propiedad BCOL de BtnGuardarActualizar no es válido.
Línea 224: el nombre de la propiedad BCOLO de BtnGuardarActualizar no es válido.
Línea 225: el nombre de la propiedad FCOL de BtnGuardarActualizar no es válido.
Línea 226: el nombre de la propiedad FCOLO de BtnGuardarActualizar no es válido.
Línea 227: el nombre de la propiedad MCOL de BtnGuardarActualizar no es válido.
Línea 228: el nombre de la propiedad MPTR de BtnGuardarActualizar no es válido.
Línea 229: el nombre de la propiedad MICON de BtnGuardarActualizar no es válido.
Línea 230: el nombre de la propiedad PICN de BtnGuardarActualizar no es válido.
Línea 231: el nombre de la propiedad PICH de BtnGuardarActualizar no es válido.
Línea 232: el nombre de la propiedad UMCOL de BtnGuardarActualizar no es válido.
Línea 233: el nombre de la propiedad SOFT de BtnGuardarActualizar no es válido.
Línea 234: el nombre de la propiedad PICPOS de BtnGuardarActualizar no es válido.
Línea 235: el nombre de la propiedad NGREY de BtnGuardarActualizar no es válido.
Línea 236: el nombre de la propiedad FX de BtnGuardarActualizar no es válido.
Línea 237: el nombre de la propiedad HAND de BtnGuardarActualizar no es válido.
Línea 238: el nombre de la propiedad CHECK de BtnGuardarActualizar no es válido.
Línea 239: el nombre de la propiedad VALUE de BtnGuardarActualizar no es válido.
Línea 248: el nombre de la propiedad _ExtentX de BtnEliminar no es válido.
Línea 249: el nombre de la propiedad _ExtentY de BtnEliminar no es válido.
Línea 250: el nombre de la propiedad BTYPE de BtnEliminar no es válido.
Línea 251: el nombre de la propiedad TX de BtnEliminar no es válido.
Línea 252: el nombre de la propiedad ENAB de BtnEliminar no es válido.
Línea 262: el nombre de la propiedad COLTYPE de BtnEliminar no es válido.
Línea 263: el nombre de la propiedad FOCUSR de BtnEliminar no es válido.
Línea 264: el nombre de la propiedad BCOL de BtnEliminar no es válido.
Línea 265: el nombre de la propiedad BCOLO de BtnEliminar no es válido.
Línea 266: el nombre de la propiedad FCOL de BtnEliminar no es válido.
Línea 267: el nombre de la propiedad FCOLO de BtnEliminar no es válido.
Línea 268: el nombre de la propiedad MCOL de BtnEliminar no es válido.
Línea 269: el nombre de la propiedad MPTR de BtnEliminar no es válido.
Línea 270: el nombre de la propiedad MICON de BtnEliminar no es válido.
Línea 271: el nombre de la propiedad PICN de BtnEliminar no es válido.
Línea 272: el nombre de la propiedad PICH de BtnEliminar no es válido.
Línea 273: el nombre de la propiedad UMCOL de BtnEliminar no es válido.
Línea 274: el nombre de la propiedad SOFT de BtnEliminar no es válido.
Línea 275: el nombre de la propiedad PICPOS de BtnEliminar no es válido.
Línea 276: el nombre de la propiedad NGREY de BtnEliminar no es válido.
Línea 277: el nombre de la propiedad FX de BtnEliminar no es válido.
Línea 278: el nombre de la propiedad HAND de BtnEliminar no es válido.
Línea 279: el nombre de la propiedad CHECK de BtnEliminar no es válido.
Línea 280: el nombre de la propiedad VALUE de BtnEliminar no es válido.
Línea 309: el nombre de la propiedad _ExtentX de BtnBuscar no es válido.
Línea 310: el nombre de la propiedad _ExtentY de BtnBuscar no es válido.
Línea 311: el nombre de la propiedad BTYPE de BtnBuscar no es válido.
Línea 312: el nombre de la propiedad TX de BtnBuscar no es válido.
Línea 313: el nombre de la propiedad ENAB de BtnBuscar no es válido.
Línea 323: el nombre de la propiedad COLTYPE de BtnBuscar no es válido.
Línea 324: el nombre de la propiedad FOCUSR de BtnBuscar no es válido.
Línea 325: el nombre de la propiedad BCOL de BtnBuscar no es válido.
Línea 326: el nombre de la propiedad BCOLO de BtnBuscar no es válido.
Línea 327: el nombre de la propiedad FCOL de BtnBuscar no es válido.
Línea 328: el nombre de la propiedad FCOLO de BtnBuscar no es válido.
Línea 329: el nombre de la propiedad MCOL de BtnBuscar no es válido.
Línea 330: el nombre de la propiedad MPTR de BtnBuscar no es válido.
Línea 331: el nombre de la propiedad MICON de BtnBuscar no es válido.
Línea 332: el nombre de la propiedad PICN de BtnBuscar no es válido.
Línea 333: el nombre de la propiedad PICH de BtnBuscar no es válido.
Línea 334: el nombre de la propiedad UMCOL de BtnBuscar no es válido.
Línea 335: el nombre de la propiedad SOFT de BtnBuscar no es válido.
Línea 336: el nombre de la propiedad PICPOS de BtnBuscar no es válido.
Línea 337: el nombre de la propiedad NGREY de BtnBuscar no es válido.
Línea 338: el nombre de la propiedad FX de BtnBuscar no es válido.
Línea 339: el nombre de la propiedad HAND de BtnBuscar no es válido.
Línea 340: el nombre de la propiedad CHECK de BtnBuscar no es válido.
Línea 341: el nombre de la propiedad VALUE de BtnBuscar no es válido.
Línea 372: el nombre de la propiedad _ExtentX de BtnBuscarDiagnostico no es válido.
Línea 373: el nombre de la propiedad _ExtentY de BtnBuscarDiagnostico no es válido.
Línea 374: el nombre de la propiedad BTYPE de BtnBuscarDiagnostico no es válido.
Línea 375: el nombre de la propiedad TX de BtnBuscarDiagnostico no es válido.
Línea 376: el nombre de la propiedad ENAB de BtnBuscarDiagnostico no es válido.
Línea 386: el nombre de la propiedad COLTYPE de BtnBuscarDiagnostico no es válido.
Línea 387: el nombre de la propiedad FOCUSR de BtnBuscarDiagnostico no es válido.
Línea 388: el nombre de la propiedad BCOL de BtnBuscarDiagnostico no es válido.
Línea 389: el nombre de la propiedad BCOLO de BtnBuscarDiagnostico no es válido.
Línea 390: el nombre de la propiedad FCOL de BtnBuscarDiagnostico no es válido.
Línea 391: el nombre de la propiedad FCOLO de BtnBuscarDiagnostico no es válido.
Línea 392: el nombre de la propiedad MCOL de BtnBuscarDiagnostico no es válido.
Línea 393: el nombre de la propiedad MPTR de BtnBuscarDiagnostico no es válido.
Línea 394: el nombre de la propiedad MICON de BtnBuscarDiagnostico no es válido.
Línea 395: el nombre de la propiedad PICN de BtnBuscarDiagnostico no es válido.
Línea 396: el nombre de la propiedad PICH de BtnBuscarDiagnostico no es válido.
Línea 397: el nombre de la propiedad UMCOL de BtnBuscarDiagnostico no es válido.
Línea 398: el nombre de la propiedad SOFT de BtnBuscarDiagnostico no es válido.
Línea 399: el nombre de la propiedad PICPOS de BtnBuscarDiagnostico no es válido.
Línea 400: el nombre de la propiedad NGREY de BtnBuscarDiagnostico no es válido.
Línea 401: el nombre de la propiedad FX de BtnBuscarDiagnostico no es válido.
Línea 402: el nombre de la propiedad HAND de BtnBuscarDiagnostico no es válido.
Línea 403: el nombre de la propiedad CHECK de BtnBuscarDiagnostico no es válido.
Línea 404: el nombre de la propiedad VALUE de BtnBuscarDiagnostico no es válido.
Línea 506: el nombre de la propiedad _ExtentX de DTPicker1 no es válido.
Línea 507: el nombre de la propiedad _ExtentY de DTPicker1 no es válido.
Línea 508: el nombre de la propiedad _Version de DTPicker1 no es válido.
Línea 509: el nombre de la propiedad Format de DTPicker1 no es válido.
Línea 510: el nombre de la propiedad CurrentDate de DTPicker1 no es válido.
Línea 515: el nombre de la propiedad _ExtentX de CrystalReport1 no es válido.
Línea 516: el nombre de la propiedad _ExtentY de CrystalReport1 no es válido.
Línea 517: el nombre de la propiedad _Version de CrystalReport1 no es válido.
Línea 518: el nombre de la propiedad WindowControlBox de CrystalReport1 no es válido.
Línea 519: el nombre de la propiedad WindowMaxButton de CrystalReport1 no es válido.
Línea 520: el nombre de la propiedad WindowMinButton de CrystalReport1 no es válido.
Línea 521: el nombre de la propiedad PrintFileLinesPerPage de CrystalReport1 no es válido.
Línea 522: el nombre de la propiedad WindowShowCloseBtn de CrystalReport1 no es válido.
Línea 523: el nombre de la propiedad WindowShowSearchBtn de CrystalReport1 no es válido.
Línea 524: el nombre de la propiedad WindowShowPrintSetupBtn de CrystalReport1 no es válido.
Línea 525: el nombre de la propiedad WindowShowRefreshBtn de CrystalReport1 no es válido.
Línea 530: el nombre de la propiedad _ExtentX de CommonDialog1 no es válido.
Línea 531: el nombre de la propiedad _ExtentY de CommonDialog1 no es válido.
Línea 532: el nombre de la propiedad _Version de CommonDialog1 no es válido.
Línea 541: el nombre de la propiedad _ExtentX de BtnSiguiente1 no es válido.
Línea 542: el nombre de la propiedad _ExtentY de BtnSiguiente1 no es válido.
Línea 543: el nombre de la propiedad BTYPE de BtnSiguiente1 no es válido.
Línea 544: el nombre de la propiedad TX de BtnSiguiente1 no es válido.
Línea 545: el nombre de la propiedad ENAB de BtnSiguiente1 no es válido.
Línea 555: el nombre de la propiedad COLTYPE de BtnSiguiente1 no es válido.
Línea 556: el nombre de la propiedad FOCUSR de BtnSiguiente1 no es válido.
Línea 557: el nombre de la propiedad BCOL de BtnSiguiente1 no es válido.
Línea 558: el nombre de la propiedad BCOLO de BtnSiguiente1 no es válido.
Línea 559: el nombre de la propiedad FCOL de BtnSiguiente1 no es válido.
Línea 560: el nombre de la propiedad FCOLO de BtnSiguiente1 no es válido.
Línea 561: el nombre de la propiedad MCOL de BtnSiguiente1 no es válido.
Línea 562: el nombre de la propiedad MPTR de BtnSiguiente1 no es válido.
Línea 563: el nombre de la propiedad MICON de BtnSiguiente1 no es válido.
Línea 564: el nombre de la propiedad PICN de BtnSiguiente1 no es válido.
Línea 565: el nombre de la propiedad PICH de BtnSiguiente1 no es válido.
Línea 566: el nombre de la propiedad UMCOL de BtnSiguiente1 no es válido.
Línea 567: el nombre de la propiedad SOFT de BtnSiguiente1 no es válido.
Línea 568: el nombre de la propiedad PICPOS de BtnSiguiente1 no es válido.
Línea 569: el nombre de la propiedad NGREY de BtnSiguiente1 no es válido.
Línea 570: el nombre de la propiedad FX de BtnSiguiente1 no es válido.
Línea 571: el nombre de la propiedad HAND de BtnSiguiente1 no es válido.
Línea 572: el nombre de la propiedad CHECK de BtnSiguiente1 no es válido.
Línea 573: el nombre de la propiedad VALUE de BtnSiguiente1 no es válido.
Línea 582: el nombre de la propiedad _ExtentX de BtnAnterior1 no es válido.
Línea 583: el nombre de la propiedad _ExtentY de BtnAnterior1 no es válido.
Línea 584: el nombre de la propiedad BTYPE de BtnAnterior1 no es válido.
Línea 585: el nombre de la propiedad TX de BtnAnterior1 no es válido.
Línea 586: el nombre de la propiedad ENAB de BtnAnterior1 no es válido.
Línea 596: el nombre de la propiedad COLTYPE de BtnAnterior1 no es válido.
Línea 597: el nombre de la propiedad FOCUSR de BtnAnterior1 no es válido.
Línea 598: el nombre de la propiedad BCOL de BtnAnterior1 no es válido.
Línea 599: el nombre de la propiedad BCOLO de BtnAnterior1 no es válido.
Línea 600: el nombre de la propiedad FCOL de BtnAnterior1 no es válido.
Línea 601: el nombre de la propiedad FCOLO de BtnAnterior1 no es válido.
Línea 602: el nombre de la propiedad MCOL de BtnAnterior1 no es válido.
Línea 603: el nombre de la propiedad MPTR de BtnAnterior1 no es válido.
Línea 604: el nombre de la propiedad MICON de BtnAnterior1 no es válido.
Línea 605: el nombre de la propiedad PICN de BtnAnterior1 no es válido.
Línea 606: el nombre de la propiedad PICH de BtnAnterior1 no es válido.
Línea 607: el nombre de la propiedad UMCOL de BtnAnterior1 no es válido.
Línea 608: el nombre de la propiedad SOFT de BtnAnterior1 no es válido.
Línea 609: el nombre de la propiedad PICPOS de BtnAnterior1 no es válido.
Línea 610: el nombre de la propiedad NGREY de BtnAnterior1 no es válido.
Línea 611: el nombre de la propiedad FX de BtnAnterior1 no es válido.
Línea 612: el nombre de la propiedad HAND de BtnAnterior1 no es válido.
Línea 613: el nombre de la propiedad CHECK de BtnAnterior1 no es válido.
Línea 614: el nombre de la propiedad VALUE de BtnAnterior1 no es válido.
Línea 779: el nombre de la propiedad _ExtentX de BtnSiguiente no es válido.
Línea 780: el nombre de la propiedad _ExtentY de BtnSiguiente no es válido.
Línea 781: el nombre de la propiedad BTYPE de BtnSiguiente no es válido.
Línea 782: el nombre de la propiedad TX de BtnSiguiente no es válido.
Línea 783: el nombre de la propiedad ENAB de BtnSiguiente no es válido.
Línea 793: el nombre de la propiedad COLTYPE de BtnSiguiente no es válido.
Línea 794: el nombre de la propiedad FOCUSR de BtnSiguiente no es válido.
Línea 795: el nombre de la propiedad BCOL de BtnSiguiente no es válido.
Línea 796: el nombre de la propiedad BCOLO de BtnSiguiente no es válido.
Línea 797: el nombre de la propiedad FCOL de BtnSiguiente no es válido.
Línea 798: el nombre de la propiedad FCOLO de BtnSiguiente no es válido.
Línea 799: el nombre de la propiedad MCOL de BtnSiguiente no es válido.
Línea 800: el nombre de la propiedad MPTR de BtnSiguiente no es válido.
Línea 801: el nombre de la propiedad MICON de BtnSiguiente no es válido.
Línea 802: el nombre de la propiedad PICN de BtnSiguiente no es válido.
Línea 803: el nombre de la propiedad PICH de BtnSiguiente no es válido.
Línea 804: el nombre de la propiedad UMCOL de BtnSiguiente no es válido.
Línea 805: el nombre de la propiedad SOFT de BtnSiguiente no es válido.
Línea 806: el nombre de la propiedad PICPOS de BtnSiguiente no es válido.
Línea 807: el nombre de la propiedad NGREY de BtnSiguiente no es válido.
Línea 808: el nombre de la propiedad FX de BtnSiguiente no es válido.
Línea 809: el nombre de la propiedad HAND de BtnSiguiente no es válido.
Línea 810: el nombre de la propiedad CHECK de BtnSiguiente no es válido.
Línea 811: el nombre de la propiedad VALUE de BtnSiguiente no es válido.
Línea 820: el nombre de la propiedad _ExtentX de BtnAnterior no es válido.
Línea 821: el nombre de la propiedad _ExtentY de BtnAnterior no es válido.
Línea 822: el nombre de la propiedad BTYPE de BtnAnterior no es válido.
Línea 823: el nombre de la propiedad TX de BtnAnterior no es válido.
Línea 824: el nombre de la propiedad ENAB de BtnAnterior no es válido.
Línea 834: el nombre de la propiedad COLTYPE de BtnAnterior no es válido.
Línea 835: el nombre de la propiedad FOCUSR de BtnAnterior no es válido.
Línea 836: el nombre de la propiedad BCOL de BtnAnterior no es válido.
Línea 837: el nombre de la propiedad BCOLO de BtnAnterior no es válido.
Línea 838: el nombre de la propiedad FCOL de BtnAnterior no es válido.
Línea 839: el nombre de la propiedad FCOLO de BtnAnterior no es válido.
Línea 840: el nombre de la propiedad MCOL de BtnAnterior no es válido.
Línea 841: el nombre de la propiedad MPTR de BtnAnterior no es válido.
Línea 842: el nombre de la propiedad MICON de BtnAnterior no es válido.
Línea 843: el nombre de la propiedad PICN de BtnAnterior no es válido.
Línea 844: el nombre de la propiedad PICH de BtnAnterior no es válido.
Línea 845: el nombre de la propiedad UMCOL de BtnAnterior no es válido.
Línea 846: el nombre de la propiedad SOFT de BtnAnterior no es válido.
Línea 847: el nombre de la propiedad PICPOS de BtnAnterior no es válido.
Línea 848: el nombre de la propiedad NGREY de BtnAnterior no es válido.
Línea 849: el nombre de la propiedad FX de BtnAnterior no es válido.
Línea 850: el nombre de la propiedad HAND de BtnAnterior no es válido.
Línea 851: el nombre de la propiedad CHECK de BtnAnterior no es válido.
Línea 852: el nombre de la propiedad VALUE de BtnAnterior no es válido.
Línea 894: el nombre de la propiedad _ExtentX de BtnAgregarClientes no es válido.
Línea 895: el nombre de la propiedad _ExtentY de BtnAgregarClientes no es válido.
Línea 896: el nombre de la propiedad BTYPE de BtnAgregarClientes no es válido.
Línea 897: el nombre de la propiedad TX de BtnAgregarClientes no es válido.
Línea 898: el nombre de la propiedad ENAB de BtnAgregarClientes no es válido.
Línea 908: el nombre de la propiedad COLTYPE de BtnAgregarClientes no es válido.
Línea 909: el nombre de la propiedad FOCUSR de BtnAgregarClientes no es válido.
Línea 910: el nombre de la propiedad BCOL de BtnAgregarClientes no es válido.
Línea 911: el nombre de la propiedad BCOLO de BtnAgregarClientes no es válido.
Línea 912: el nombre de la propiedad FCOL de BtnAgregarClientes no es válido.
Línea 913: el nombre de la propiedad FCOLO de BtnAgregarClientes no es válido.
Línea 914: el nombre de la propiedad MCOL de BtnAgregarClientes no es válido.
Línea 915: el nombre de la propiedad MPTR de BtnAgregarClientes no es válido.
Línea 916: el nombre de la propiedad MICON de BtnAgregarClientes no es válido.
Línea 917: el nombre de la propiedad PICN de BtnAgregarClientes no es válido.
Línea 918: el nombre de la propiedad PICH de BtnAgregarClientes no es válido.
Línea 919: el nombre de la propiedad UMCOL de BtnAgregarClientes no es válido.
Línea 920: el nombre de la propiedad SOFT de BtnAgregarClientes no es válido.
Línea 921: el nombre de la propiedad PICPOS de BtnAgregarClientes no es válido.
Línea 922: el nombre de la propiedad NGREY de BtnAgregarClientes no es válido.
Línea 923: el nombre de la propiedad FX de BtnAgregarClientes no es válido.
Línea 924: el nombre de la propiedad HAND de BtnAgregarClientes no es válido.
Línea 925: el nombre de la propiedad CHECK de BtnAgregarClientes no es válido.
Línea 926: el nombre de la propiedad VALUE de BtnAgregarClientes no es válido.
Línea 960: el nombre de la propiedad _ExtentX de BtnBuscarClientes no es válido.
Línea 961: el nombre de la propiedad _ExtentY de BtnBuscarClientes no es válido.
Línea 962: el nombre de la propiedad BTYPE de BtnBuscarClientes no es válido.
Línea 963: el nombre de la propiedad TX de BtnBuscarClientes no es válido.
Línea 964: el nombre de la propiedad ENAB de BtnBuscarClientes no es válido.
Línea 974: el nombre de la propiedad COLTYPE de BtnBuscarClientes no es válido.
Línea 975: el nombre de la propiedad FOCUSR de BtnBuscarClientes no es válido.
Línea 976: el nombre de la propiedad BCOL de BtnBuscarClientes no es válido.
Línea 977: el nombre de la propiedad BCOLO de BtnBuscarClientes no es válido.
Línea 978: el nombre de la propiedad FCOL de BtnBuscarClientes no es válido.
Línea 979: el nombre de la propiedad FCOLO de BtnBuscarClientes no es válido.
Línea 980: el nombre de la propiedad MCOL de BtnBuscarClientes no es válido.
Línea 981: el nombre de la propiedad MPTR de BtnBuscarClientes no es válido.
Línea 982: el nombre de la propiedad MICON de BtnBuscarClientes no es válido.
Línea 983: el nombre de la propiedad PICN de BtnBuscarClientes no es válido.
Línea 984: el nombre de la propiedad PICH de BtnBuscarClientes no es válido.
Línea 985: el nombre de la propiedad UMCOL de BtnBuscarClientes no es válido.
Línea 986: el nombre de la propiedad SOFT de BtnBuscarClientes no es válido.
Línea 987: el nombre de la propiedad PICPOS de BtnBuscarClientes no es válido.
Línea 988: el nombre de la propiedad NGREY de BtnBuscarClientes no es válido.
Línea 989: el nombre de la propiedad FX de BtnBuscarClientes no es válido.
Línea 990: el nombre de la propiedad HAND de BtnBuscarClientes no es válido.
Línea 991: el nombre de la propiedad CHECK de BtnBuscarClientes no es válido.
Línea 992: el nombre de la propiedad VALUE de BtnBuscarClientes no es válido.
Línea 1010: el nombre de la propiedad _ExtentX de BtnListadoProductos no es válido.
Línea 1011: el nombre de la propiedad _ExtentY de BtnListadoProductos no es válido.
Línea 1012: el nombre de la propiedad BTYPE de BtnListadoProductos no es válido.
Línea 1013: el nombre de la propiedad TX de BtnListadoProductos no es válido.
Línea 1014: el nombre de la propiedad ENAB de BtnListadoProductos no es válido.
Línea 1024: el nombre de la propiedad COLTYPE de BtnListadoProductos no es válido.
Línea 1025: el nombre de la propiedad FOCUSR de BtnListadoProductos no es válido.
Línea 1026: el nombre de la propiedad BCOL de BtnListadoProductos no es válido.
Línea 1027: el nombre de la propiedad BCOLO de BtnListadoProductos no es válido.
Línea 1028: el nombre de la propiedad FCOL de BtnListadoProductos no es válido.
Línea 1029: el nombre de la propiedad FCOLO de BtnListadoProductos no es válido.
Línea 1030: el nombre de la propiedad MCOL de BtnListadoProductos no es válido.
Línea 1031: el nombre de la propiedad MPTR de BtnListadoProductos no es válido.
Línea 1032: el nombre de la propiedad MICON de BtnListadoProductos no es válido.
Línea 1033: el nombre de la propiedad PICN de BtnListadoProductos no es válido.
Línea 1034: el nombre de la propiedad PICH de BtnListadoProductos no es válido.
Línea 1035: el nombre de la propiedad UMCOL de BtnListadoProductos no es válido.
Línea 1036: el nombre de la propiedad SOFT de BtnListadoProductos no es válido.
Línea 1037: el nombre de la propiedad PICPOS de BtnListadoProductos no es válido.
Línea 1038: el nombre de la propiedad NGREY de BtnListadoProductos no es válido.
Línea 1039: el nombre de la propiedad FX de BtnListadoProductos no es válido.
Línea 1040: el nombre de la propiedad HAND de BtnListadoProductos no es válido.
Línea 1041: el nombre de la propiedad CHECK de BtnListadoProductos no es válido.
Línea 1042: el nombre de la propiedad VALUE de BtnListadoProductos no es válido.
