Línea 84: la clase ChamaleonButton.ChameleonBtn del control BtnLlamar no era una clase de control cargada.
Línea 125: la clase ChamaleonButton.ChameleonBtn del control BtnListaEspera no era una clase de control cargada.
Línea 214: la clase ChamaleonButton.ChameleonBtn del control BtnSiguiente no era una clase de control cargada.
Línea 255: la clase ChamaleonButton.ChameleonBtn del control BtnAnterior no era una clase de control cargada.
Línea 296: la clase ChamaleonButton.ChameleonBtn del control BtnDesocuparAlPacienteAtendi no era una clase de control cargada.
Línea 337: la clase ChamaleonButton.ChameleonBtn del control BtnTipoCancer no era una clase de control cargada.
Línea 584: la clase ChamaleonButton.ChameleonBtn del control BtnBuscar no era una clase de control cargada.
Línea 633: la clase ChamaleonButton.ChameleonBtn del control BtnCerrar no era una clase de control cargada.
Línea 674: la clase ChamaleonButton.ChameleonBtn del control BtnGuardarActualizar no era una clase de control cargada.
Línea 715: la clase ChamaleonButton.ChameleonBtn del control BtnAgregar no era una clase de control cargada.
Línea 756: la clase ChamaleonButton.ChameleonBtn del control BtnDesHacer no era una clase de control cargada.
Línea 797: la clase ChamaleonButton.ChameleonBtn del control BtnEliminar no era una clase de control cargada.
Línea 838: la clase Crystal.CrystalReport del control CrystalReport1 no era una clase de control cargada.
Línea 851: la clase Crystal.CrystalReport del control CrystalReport2 no era una clase de control cargada.
Línea 2745: la clase ChamaleonButton.ChameleonBtn del control BtnAgregarComplica no era una clase de control cargada.
Línea 2786: la clase ChamaleonButton.ChameleonBtn del control BtnGuardarComplica no era una clase de control cargada.
Línea 2840: la clase ChamaleonButton.ChameleonBtn del control BtnEliminarComplica no era una clase de control cargada.
Línea 2881: la clase ChamaleonButton.ChameleonBtn del control BtnCancelar no era una clase de control cargada.
Línea 5050: la clase ChamaleonButton.ChameleonBtn del control BtnVerInforme no era una clase de control cargada.
Línea 5090: la clase ChamaleonButton.ChameleonBtn del control BtnVerHistoria no era una clase de control cargada.
Línea 5130: la clase ChamaleonButton.ChameleonBtn del control BtnEvolucionOncologica no era una clase de control cargada.
Línea 5170: la clase ChamaleonButton.ChameleonBtn del control BtnAntecedentes no era una clase de control cargada.
Línea 5210: la clase ChamaleonButton.ChameleonBtn del control BtnExamenes no era una clase de control cargada.
Línea 5372: la clase ChamaleonButton.ChameleonBtn del control BtnInformeFinal no era una clase de control cargada.
Línea 5540: la clase ChamaleonButton.ChameleonBtn del control BtnSiguiente2 no era una clase de control cargada.
Línea 5581: la clase ChamaleonButton.ChameleonBtn del control BtnAnterior1 no era una clase de control cargada.
Línea 5622: la clase ChamaleonButton.ChameleonBtn del control BtnExamenIngreso no era una clase de control cargada.
