Línea 118: la clase ChamaleonButton.ChameleonBtn del control BtnLlamar no era una clase de control cargada.
Línea 159: la clase ChamaleonButton.ChameleonBtn del control BtnListaEspera no era una clase de control cargada.
Línea 200: la clase ChamaleonButton.ChameleonBtn del control BtnDesocuparAlPacienteAtendi no era una clase de control cargada.
Línea 241: la clase ChamaleonButton.ChameleonBtn del control BtnSiguiente no era una clase de control cargada.
Línea 282: la clase ChamaleonButton.ChameleonBtn del control BtnAnterior no era una clase de control cargada.
Línea 573: la clase ChamaleonButton.ChameleonBtn del control BtnGuardarDatosTecnicos no era una clase de control cargada.
Línea 614: la clase ChamaleonButton.ChameleonBtn del control BtnSiguiente1 no era una clase de control cargada.
Línea 655: la clase ChamaleonButton.ChameleonBtn del control BtnAnterior1 no era una clase de control cargada.
Línea 696: la clase ChamaleonButton.ChameleonBtn del control BtnProtocolos no era una clase de control cargada.
Línea 775: la clase ChamaleonButton.ChameleonBtn del control BtnCerrar no era una clase de control cargada.
Línea 816: la clase ChamaleonButton.ChameleonBtn del control BtnDesHacer no era una clase de control cargada.
Línea 857: la clase Crystal.CrystalReport del control CrystalReport2 no era una clase de control cargada.
Línea 870: la clase Crystal.CrystalReport del control CrystalReport1 no era una clase de control cargada.
Línea 885: la clase ChamaleonButton.ChameleonBtn del control BtnReporteDosimetria no era una clase de control cargada.
Línea 955: la clase ChamaleonButton.ChameleonBtn del control BtnBuscar no era una clase de control cargada.
Línea 1033: la clase ChamaleonButton.ChameleonBtn del control BtnGuardarActualizar no era una clase de control cargada.
Línea 1074: la clase ChamaleonButton.ChameleonBtn del control BtnAgregar no era una clase de control cargada.
Línea 1115: la clase ChamaleonButton.ChameleonBtn del control BtnEliminar no era una clase de control cargada.
Línea 1156: la clase ChamaleonButton.ChameleonBtn del control BtnImprimir no era una clase de control cargada.
Línea 1197: la clase ChamaleonButton.ChameleonBtn del control BtnAplicarTratamiento no era una clase de control cargada.
Línea 1237: la clase ChamaleonButton.ChameleonBtn del control BtnDatosTomograficos no era una clase de control cargada.
Línea 1277: la clase ChamaleonButton.ChameleonBtn del control BtnCampoTratamiento no era una clase de control cargada.
Línea 1317: la clase ChamaleonButton.ChameleonBtn del control BtnParametrosSimulador no era una clase de control cargada.
